0 verbose cli /usr/local/bin/node /usr/local/bin/npm
1 info using npm@10.7.0
2 info using node@v21.7.3
3 silly config:load:file:/usr/local/lib/node_modules/npm/npmrc
4 silly config:load:file:/home/container/.npmrc
5 silly config:load:file:/usr/local/etc/npmrc
6 verbose title npm install
7 verbose argv "install"
8 verbose logfile logs-max:10 dir:/home/container/.npm/_logs/2024-05-11T03_23_19_067Z-
9 verbose logfile /home/container/.npm/_logs/2024-05-11T03_23_19_067Z-debug-0.log
10 silly logfile start cleaning logs, removing 1 files
11 silly logfile done cleaning log files
12 silly idealTree buildDeps
13 silly reify moves {}
14 silly audit bulk request {
14 silly audit   '@aashutoshrathi/word-wrap': [ '1.2.6' ],
14 silly audit   '@babel/code-frame': [ '7.12.11' ],
14 silly audit   '@babel/helper-validator-identifier': [ '7.22.20' ],
14 silly audit   '@babel/highlight': [ '7.23.4' ],
14 silly audit   'ansi-styles': [ '3.2.1', '4.3.0' ],
14 silly audit   chalk: [ '2.4.2', '3.0.0', '4.1.2' ],
14 silly audit   'color-convert': [ '1.9.3', '2.0.1' ],
14 silly audit   'color-name': [ '1.1.3', '1.1.4' ],
14 silly audit   'escape-string-regexp': [ '1.0.5', '4.0.0' ],
14 silly audit   'has-flag': [ '3.0.0', '4.0.0' ],
14 silly audit   'supports-color': [ '5.5.0', '6.0.0', '7.2.0' ],
14 silly audit   '@distube/ytdl-core': [ '4.13.3' ],
14 silly audit   'agent-base': [ '7.1.0', '5.1.1' ],
14 silly audit   debug: [ '4.3.4', '2.6.9', '3.2.6' ],
14 silly audit   'http-cookie-agent': [ '5.0.4' ],
14 silly audit   ms: [ '2.1.2', '2.1.1', '2.0.0', '2.1.3' ],
14 silly audit   'tough-cookie': [ '4.1.3', '2.5.0' ],
14 silly audit   universalify: [ '0.2.0', '2.0.1' ],
14 silly audit   '@eslint/eslintrc': [ '0.4.3' ],
14 silly audit   '@fastify/busboy': [ '2.1.0' ],
14 silly audit   '@humanwhocodes/config-array': [ '0.5.0' ],
14 silly audit   '@humanwhocodes/object-schema': [ '1.2.1' ],
14 silly audit   '@javascript-obfuscator/escodegen': [ '2.3.0' ],
14 silly audit   levn: [ '0.3.0', '0.4.1' ],
14 silly audit   optionator: [ '0.8.3', '0.9.3' ],
14 silly audit   'prelude-ls': [ '1.1.2', '1.2.1' ],
14 silly audit   'type-check': [ '0.3.2', '0.4.0' ],
14 silly audit   '@javascript-obfuscator/estraverse': [ '5.4.0' ],
14 silly audit   '@jimp/bmp': [ '0.22.12' ],
14 silly audit   '@jimp/core': [ '0.22.12' ],
14 silly audit   '@jimp/custom': [ '0.22.12' ],
14 silly audit   '@jimp/gif': [ '0.22.12' ],
14 silly audit   '@jimp/jpeg': [ '0.22.12' ],
14 silly audit   '@jimp/plugin-blit': [ '0.22.12' ],
14 silly audit   '@jimp/plugin-blur': [ '0.22.12' ],
14 silly audit   '@jimp/plugin-circle': [ '0.22.12' ],
14 silly audit   '@jimp/plugin-color': [ '0.22.12' ],
14 silly audit   '@jimp/plugin-contain': [ '0.22.12' ],
14 silly audit   '@jimp/plugin-cover': [ '0.22.12' ],
14 silly audit   '@jimp/plugin-crop': [ '0.22.12' ],
14 silly audit   '@jimp/plugin-displace': [ '0.22.12' ],
14 silly audit   '@jimp/plugin-dither': [ '0.22.12' ],
14 silly audit   '@jimp/plugin-fisheye': [ '0.22.12' ],
14 silly audit   '@jimp/plugin-flip': [ '0.22.12' ],
14 silly audit   '@jimp/plugin-gaussian': [ '0.22.12' ],
14 silly audit   '@jimp/plugin-invert': [ '0.22.12' ],
14 silly audit   '@jimp/plugin-mask': [ '0.22.12' ],
14 silly audit   '@jimp/plugin-normalize': [ '0.22.12' ],
14 silly audit   '@jimp/plugin-print': [ '0.22.12' ],
14 silly audit   '@jimp/plugin-resize': [ '0.22.12' ],
14 silly audit   '@jimp/plugin-rotate': [ '0.22.12' ],
14 silly audit   '@jimp/plugin-scale': [ '0.22.12' ],
14 silly audit   '@jimp/plugin-shadow': [ '0.22.12' ],
14 silly audit   '@jimp/plugin-threshold': [ '0.22.12' ],
14 silly audit   '@jimp/plugins': [ '0.22.12' ],
14 silly audit   '@jimp/png': [ '0.22.12' ],
14 silly audit   '@jimp/tiff': [ '0.22.12' ],
14 silly audit   '@jimp/types': [ '0.22.12' ],
14 silly audit   '@jimp/utils': [ '0.22.12' ],
14 silly audit   '@tokenizer/token': [ '0.3.0' ],
14 silly audit   '@types/minimatch': [ '3.0.5' ],
14 silly audit   '@types/node': [ '18.19.26', '16.9.1' ],
14 silly audit   '@types/signale': [ '1.4.7' ],
14 silly audit   '@types/validator': [ '13.11.9' ],
14 silly audit   '@xaviabot/fb-downloader': [ '1.0.14' ],
14 silly audit   axios: [ '0.26.1', '1.6.7' ],
14 silly audit   '1secmail-api': [ '1.1.1' ],
14 silly audit   accepts: [ '1.3.8' ],
14 silly audit   acorn: [ '7.4.1', '8.8.2' ],
14 silly audit   'acorn-jsx': [ '5.3.2' ],
14 silly audit   ajv: [ '6.12.6', '8.12.0' ],
14 silly audit   ansi: [ '0.3.1' ],
14 silly audit   'ansi-colors': [ '4.1.3', '3.2.3' ],
14 silly audit   'ansi-regex': [ '5.0.1', '2.1.1', '4.1.1', '3.0.1' ],
14 silly audit   'any-base': [ '1.1.0' ],
14 silly audit   anymatch: [ '3.1.3' ],
14 silly audit   'are-we-there-yet': [ '1.0.6' ],
14 silly audit   isarray: [ '1.0.0', '2.0.5' ],
14 silly audit   'readable-stream': [ '2.3.8', '3.6.2' ],
14 silly audit   'safe-buffer': [ '5.1.2', '5.2.1' ],
14 silly audit   string_decoder: [ '1.1.1', '1.3.0' ],
14 silly audit   argparse: [ '1.0.10' ],
14 silly audit   'array-buffer-byte-length': [ '1.0.1' ],
14 silly audit   'array-differ': [ '3.0.0' ],
14 silly audit   'array-flatten': [ '1.1.1' ],
14 silly audit   'array-union': [ '2.1.0' ],
14 silly audit   'array.prototype.reduce': [ '1.0.6' ],
14 silly audit   'arraybuffer.prototype.slice': [ '1.0.3' ],
14 silly audit   arrify: [ '2.0.1' ],
14 silly audit   asn1: [ '0.2.6' ],
14 silly audit   assert: [ '2.0.0' ],
14 silly audit   'assert-plus': [ '1.0.0' ],
14 silly audit   'astral-regex': [ '2.0.0' ],
14 silly audit   'async-limiter': [ '1.0.1' ],
14 silly audit   'async.parallellimit': [ '0.5.2' ],
14 silly audit   'async.util.eachoflimit': [ '0.5.2' ],
14 silly audit   'async.util.isarray': [ '0.5.2' ],
14 silly audit   'async.util.isarraylike': [ '0.5.2' ],
14 silly audit   'async.util.keyiterator': [ '0.5.2' ],
14 silly audit   'async.util.keys': [ '0.5.2' ],
14 silly audit   'async.util.noop': [ '0.5.2' ],
14 silly audit   'async.util.once': [ '0.5.2' ],
14 silly audit   'async.util.onlyonce': [ '0.5.2' ],
14 silly audit   'async.util.parallel': [ '0.5.2' ],
14 silly audit   'async.util.restparam': [ '0.5.2' ],
14 silly audit   asynckit: [ '0.4.0' ],
14 silly audit   'available-typed-arrays': [ '1.0.6' ],
14 silly audit   'aws-sign2': [ '0.7.0' ],
14 silly audit   aws4: [ '1.12.0' ],
14 silly audit   'balanced-match': [ '1.0.2' ],
14 silly audit   'base64-js': [ '1.5.1' ],
14 silly audit   'bcrypt-pbkdf': [ '1.0.2' ],
14 silly audit   'betabotz-tools': [ '0.0.7' ],
14 silly audit   'bignumber.js': [ '9.1.2' ],
14 silly audit   'binary-extensions': [ '2.2.0' ],
14 silly audit   bl: [ '4.1.0' ],
14 silly audit   bluebird: [ '2.11.0' ],
14 silly audit   'bmp-js': [ '0.1.0' ],
14 silly audit   'body-parser': [ '1.20.2', '1.20.1' ],
14 silly audit   qs: [ '6.11.0', '6.12.0', '6.5.3' ],
14 silly audit   boolbase: [ '1.0.0' ],
14 silly audit   boolstring: [ '1.0.2' ],
14 silly audit   'brace-expansion': [ '1.1.11' ],
14 silly audit   braces: [ '3.0.2' ],
14 silly audit   'browser-stdout': [ '1.3.1' ],
14 silly audit   buffer: [ '5.7.1' ],
14 silly audit   'buffer-equal': [ '0.0.1' ],
14 silly audit   'buffer-equal-constant-time': [ '1.0.1' ],
14 silly audit   'buffer-from': [ '1.1.2' ],
14 silly audit   bytes: [ '3.1.2' ],
14 silly audit   'call-bind': [ '1.0.7' ],
14 silly audit   'callback-stream': [ '1.1.0' ],
14 silly audit   callsites: [ '3.1.0' ],
14 silly audit   camelcase: [ '5.3.1' ],
14 silly audit   caseless: [ '0.12.0' ],
14 silly audit   chance: [ '1.1.9' ],
14 silly audit   'char-regex': [ '1.0.2' ],
14 silly audit   charenc: [ '0.0.2' ],
14 silly audit   cheerio: [ '0.22.0', '1.0.0-rc.12' ],
14 silly audit   'cheerio-select': [ '2.1.0' ],
14 silly audit   'css-select': [ '5.1.0', '1.2.0' ],
14 silly audit   'css-what': [ '6.1.0', '2.1.3' ],
14 silly audit   'dom-serializer': [ '2.0.0', '0.1.1' ],
14 silly audit   domelementtype: [ '2.3.0', '1.3.1' ],
14 silly audit   domhandler: [ '5.0.3', '2.4.2' ],
14 silly audit   domutils: [ '3.1.0', '1.5.1' ],
14 silly audit   entities: [ '4.5.0', '1.1.2' ],
14 silly audit   'nth-check': [ '2.1.1', '1.0.2' ],
14 silly audit   child_process: [ '1.0.2' ],
14 silly audit   chokidar: [ '3.3.0' ],
14 silly audit   'class-validator': [ '0.14.0' ],
14 silly audit   'cli-color': [ '1.2.0' ],
14 silly audit   cliui: [ '5.0.0' ],
14 silly audit   'emoji-regex': [ '7.0.3', '8.0.0' ],
14 silly audit   'is-fullwidth-code-point': [ '2.0.0', '3.0.0' ],
14 silly audit   'string-width': [ '3.1.0', '2.1.1', '4.2.3' ],
14 silly audit   'strip-ansi': [ '5.2.0', '4.0.0', '6.0.1' ],
14 silly audit   colors: [ '1.4.0' ],
14 silly audit   'combined-stream': [ '1.0.8' ],
14 silly audit   commander: [ '10.0.0' ],
14 silly audit   commist: [ '1.1.0' ],
14 silly audit   'concat-map': [ '0.0.1' ],
14 silly audit   'concat-stream': [ '1.6.2' ],
14 silly audit   'content-disposition': [ '0.5.4' ],
14 silly audit   'content-type': [ '1.0.5' ],
14 silly audit   cookie: [ '0.5.0' ],
14 silly audit   'cookie-signature': [ '1.0.6' ],
14 silly audit   'core-util-is': [ '1.0.2' ],
14 silly audit   'cross-spawn': [ '7.0.3' ],
14 silly audit   crypt: [ '0.0.2' ],
14 silly audit   d: [ '1.0.1' ],
14 silly audit   dashdash: [ '1.14.1' ],
14 silly audit   dasu: [ '0.4.3' ],
14 silly audit   decamelize: [ '1.2.0' ],
14 silly audit   'deep-is': [ '0.1.4' ],
14 silly audit   'define-data-property': [ '1.1.4' ],
14 silly audit   'define-properties': [ '1.2.1' ],
14 silly audit   'delayed-stream': [ '1.0.0' ],
14 silly audit   delegates: [ '1.0.0' ],
14 silly audit   depd: [ '2.0.0' ],
14 silly audit   destroy: [ '1.2.0' ],
14 silly audit   diff: [ '3.5.0' ],
14 silly audit   doctrine: [ '3.0.0' ],
14 silly audit   'dom-walk': [ '0.1.2' ],
14 silly audit   duplexify: [ '3.7.1' ],
14 silly audit   'ecc-jsbn': [ '0.1.2' ],
14 silly audit   'ecdsa-sig-formatter': [ '1.0.11' ],
14 silly audit   'ee-first': [ '1.1.1' ],
14 silly audit   encodeurl: [ '1.0.2' ],
14 silly audit   'end-of-stream': [ '1.4.4' ],
14 silly audit   enquirer: [ '2.4.1' ],
14 silly audit   'error-ex': [ '1.3.2' ],
14 silly audit   'es-abstract': [ '1.22.4' ],
14 silly audit   'object.assign': [ '4.1.5', '4.1.0' ],
14 silly audit   'es-array-method-boxes-properly': [ '1.0.0' ],
14 silly audit   'es-define-property': [ '1.0.0' ],
14 silly audit   'es-errors': [ '1.3.0' ],
14 silly audit   'es-set-tostringtag': [ '2.0.2' ],
14 silly audit   'es-to-primitive': [ '1.2.1' ],
14 silly audit   'es5-ext': [ '0.10.62' ],
14 silly audit   'es6-iterator': [ '2.0.3' ],
14 silly audit   'es6-map': [ '0.1.5' ],
14 silly audit   'es6-object-assign': [ '1.1.0' ],
14 silly audit   'es6-set': [ '0.1.6' ],
14 silly audit   type: [ '2.7.2', '1.2.0' ],
14 silly audit   'es6-symbol': [ '3.1.3' ],
14 silly audit   'es6-weak-map': [ '2.0.3' ],
14 silly audit   'escape-html': [ '1.0.3' ],
14 silly audit   eslint: [ '7.32.0' ],
14 silly audit   'eslint-scope': [ '5.1.1', '7.1.1' ],
14 silly audit   'eslint-utils': [ '2.1.0' ],
14 silly audit   'eslint-visitor-keys': [ '1.3.0', '2.1.0', '3.3.0' ],
14 silly audit   espree: [ '7.3.1' ],
14 silly audit   esprima: [ '4.0.1' ],
14 silly audit   esquery: [ '1.5.0' ],
14 silly audit   estraverse: [ '5.3.0', '4.3.0' ],
14 silly audit   esrecurse: [ '4.3.0' ],
14 silly audit   esutils: [ '2.0.3' ],
14 silly audit   etag: [ '1.8.1' ],
14 silly audit   'event-emitter': [ '0.3.5' ],
14 silly audit   'exif-parser': [ '0.1.12' ],
14 silly audit   express: [ '4.18.2' ],
14 silly audit   'raw-body': [ '2.5.1', '2.5.2' ],
14 silly audit   ext: [ '1.7.0' ],
14 silly audit   extend: [ '3.0.2' ],
14 silly audit   extsprintf: [ '1.3.0' ],
14 silly audit   'fast-deep-equal': [ '3.1.3' ],
14 silly audit   'fast-json-stable-stringify': [ '2.1.0' ],
14 silly audit   'fast-levenshtein': [ '2.0.6' ],
14 silly audit   'fast-xml-parser': [ '4.3.4' ],
14 silly audit   figures: [ '2.0.0' ],
14 silly audit   'file-entry-cache': [ '6.0.1' ],
14 silly audit   'file-type': [ '16.5.4' ],
14 silly audit   'fill-range': [ '7.0.1' ],
14 silly audit   finalhandler: [ '1.2.0' ],
14 silly audit   'find-up': [ '3.0.0', '2.1.0' ],
14 silly audit   flat: [ '4.1.1' ],
14 silly audit   'flat-cache': [ '3.2.0' ],
14 silly audit   flatted: [ '3.2.9' ],
14 silly audit   'follow-redirects': [ '1.15.5' ],
14 silly audit   'for-each': [ '0.3.3' ],
14 silly audit   'forever-agent': [ '0.6.1' ],
14 silly audit   'form-data': [ '4.0.0', '2.3.3' ],
14 silly audit   forwarded: [ '0.2.0' ],
14 silly audit   fresh: [ '0.5.2' ],
14 silly audit   fs: [ '0.0.1-security' ],
14 silly audit   'fs-extra': [ '11.2.0' ],
14 silly audit   'fs-readfile-promise': [ '3.0.1' ],
14 silly audit   'fs.realpath': [ '1.0.0' ],
14 silly audit   fsevents: [ '2.1.3' ],
14 silly audit   'function-bind': [ '1.1.2' ],
14 silly audit   'function.prototype.name': [ '1.1.6' ],
14 silly audit   'functional-red-black-tree': [ '1.0.1' ],
14 silly audit   'functions-have-names': [ '1.2.3' ],
14 silly audit   g4f: [ '1.4.2' ],
14 silly audit   gauge: [ '1.2.7' ],
14 silly audit   gaxios: [ '6.2.0' ],
14 silly audit   'https-proxy-agent': [ '7.0.4', '4.0.0' ],
14 silly audit   'gcp-metadata': [ '6.1.0' ],
14 silly audit   'get-caller-file': [ '2.0.5' ],
14 silly audit   'get-intrinsic': [ '1.2.4' ],
14 silly audit   'get-symbol-description': [ '1.0.2' ],
14 silly audit   getpass: [ '0.1.7' ],
14 silly audit   gifwrap: [ '0.10.1' ],
14 silly audit   glob: [ '7.1.3' ],
14 silly audit   'glob-parent': [ '5.1.2', '3.1.0' ],
14 silly audit   'glob-stream': [ '6.1.0' ],
14 silly audit   'is-glob': [ '3.1.0', '4.0.3' ],
14 silly audit   global: [ '4.4.0' ],
14 silly audit   globals: [ '13.24.0' ],
14 silly audit   globalthis: [ '1.0.3' ],
14 silly audit   'google-auth-library': [ '9.6.3' ],
14 silly audit   googleapis: [ '133.0.0' ],
14 silly audit   'googleapis-common': [ '7.0.1' ],
14 silly audit   gopd: [ '1.0.1' ],
14 silly audit   'graceful-fs': [ '4.2.11' ],
14 silly audit   growl: [ '1.10.5' ],
14 silly audit   gtoken: [ '7.1.0' ],
14 silly audit   'har-schema': [ '2.0.0' ],
14 silly audit   'har-validator': [ '5.1.5' ],
14 silly audit   'has-bigints': [ '1.0.2' ],
14 silly audit   'has-property-descriptors': [ '1.0.2' ],
14 silly audit   'has-proto': [ '1.0.1' ],
14 silly audit   'has-symbols': [ '1.0.3' ],
14 silly audit   'has-tostringtag': [ '1.0.2' ],
14 silly audit   'has-unicode': [ '2.0.1' ],
14 silly audit   hasown: [ '2.0.1' ],
14 silly audit   he: [ '1.2.0' ],
14 silly audit   'help-me': [ '1.1.0' ],
14 silly audit   htmlparser2: [ '3.10.1', '8.0.2' ],
14 silly audit   'http-errors': [ '2.0.0' ],
14 silly audit   'http-signature': [ '1.2.0' ],
14 silly audit   'human-time': [ '0.0.2' ],
14 silly audit   'iconv-lite': [ '0.4.24' ],
14 silly audit   ieee754: [ '1.2.1' ],
14 silly audit   ignore: [ '4.0.6' ],
14 silly audit   'image-q': [ '4.0.0' ],
14 silly audit   'import-fresh': [ '3.3.0' ],
14 silly audit   imurmurhash: [ '0.1.4' ],
14 silly audit   inflight: [ '1.0.6' ],
14 silly audit   inherits: [ '2.0.4' ],
14 silly audit   'internal-slot': [ '1.0.7' ],
14 silly audit   inversify: [ '6.0.1' ],
14 silly audit   'ipaddr.js': [ '1.9.1' ],
14 silly audit   'is-absolute': [ '1.0.0' ],
14 silly audit   'is-arguments': [ '1.1.1' ],
14 silly audit   'is-array-buffer': [ '3.0.4' ],
14 silly audit   'is-arrayish': [ '0.2.1' ],
14 silly audit   'is-bigint': [ '1.0.4' ],
14 silly audit   'is-binary-path': [ '2.1.0' ],
14 silly audit   'is-boolean-object': [ '1.1.2' ],
14 silly audit   'is-buffer': [ '2.0.5', '1.1.6' ],
14 silly audit   'is-callable': [ '1.2.7' ],
14 silly audit   'is-date-object': [ '1.0.5' ],
14 silly audit   'is-extglob': [ '2.1.1' ],
14 silly audit   'is-function': [ '1.0.2' ],
14 silly audit   'is-generator-function': [ '1.0.10' ],
14 silly audit   'is-nan': [ '1.3.2' ],
14 silly audit   'is-negated-glob': [ '1.0.0' ],
14 silly audit   'is-negative-zero': [ '2.0.2' ],
14 silly audit   'is-number': [ '7.0.0' ],
14 silly audit   'is-number-object': [ '1.0.7' ],
14 silly audit   'is-promise': [ '2.2.2' ],
14 silly audit   'is-regex': [ '1.1.4' ],
14 silly audit   'is-relative': [ '1.0.0' ],
14 silly audit   'is-shared-array-buffer': [ '1.0.2' ],
14 silly audit   'is-stream': [ '2.0.1' ],
14 silly audit   'is-string': [ '1.0.7' ],
14 silly audit   'is-symbol': [ '1.0.4' ],
14 silly audit   'is-typed-array': [ '1.1.13' ],
14 silly audit   'is-typedarray': [ '1.0.0' ],
14 silly audit   'is-unc-path': [ '1.0.0' ],
14 silly audit   'is-weakref': [ '1.0.2' ],
14 silly audit   'is-windows': [ '1.0.2' ],
14 silly audit   isexe: [ '2.0.0' ],
14 silly audit   'iso8601-duration': [ '1.3.0' ],
14 silly audit   'isomorphic-fetch': [ '3.0.0' ],
14 silly audit   isstream: [ '0.1.2' ],
14 silly audit   'javascript-obfuscator': [ '4.1.0' ],
14 silly audit   mkdirp: [ '2.1.3', '0.5.5' ],
14 silly audit   jimp: [ '0.22.12' ],
14 silly audit   'jpeg-js': [ '0.4.4' ],
14 silly audit   'js-string-escape': [ '1.0.1' ],
14 silly audit   'js-tokens': [ '4.0.0' ],
14 silly audit   'js-yaml': [ '3.14.1', '3.13.1' ],
14 silly audit   jsbn: [ '0.1.1' ],
14 silly audit   'json-bigint': [ '1.0.0' ],
14 silly audit   'json-buffer': [ '3.0.1' ],
14 silly audit   'json-parse-better-errors': [ '1.0.2' ],
14 silly audit   'json-schema': [ '0.4.0' ],
14 silly audit   'json-schema-traverse': [ '0.4.1', '1.0.0' ],
14 silly audit   'json-stable-stringify-without-jsonify': [ '1.0.1' ],
14 silly audit   'json-stringify-safe': [ '5.0.1' ],
14 silly audit   jsonfile: [ '6.1.0' ],
14 silly audit   'jsonpath-plus': [ '5.0.7' ],
14 silly audit   jsprim: [ '1.4.2' ],
14 silly audit   jwa: [ '2.0.0' ],
14 silly audit   jws: [ '4.0.0' ],
14 silly audit   keypress: [ '0.2.1' ],
14 silly audit   keyv: [ '4.5.4' ],
14 silly audit   leven: [ '2.1.0' ],
14 silly audit   'libphonenumber-js': [ '1.10.56' ],
14 silly audit   'load-bmfont': [ '1.4.1' ],
14 silly audit   'load-json-file': [ '4.0.0' ],
14 silly audit   'locate-path': [ '3.0.0', '2.0.0' ],
14 silly audit   lodash: [ '4.17.21' ],
14 silly audit   'lodash.assignin': [ '4.2.0' ],
14 silly audit   'lodash.bind': [ '4.2.1' ],
14 silly audit   'lodash.defaults': [ '4.2.0' ],
14 silly audit   'lodash.filter': [ '4.6.0' ],
14 silly audit   'lodash.flatten': [ '4.4.0' ],
14 silly audit   'lodash.foreach': [ '4.5.0' ],
14 silly audit   'lodash.map': [ '4.6.0' ],
14 silly audit   'lodash.merge': [ '4.6.2' ],
14 silly audit   'lodash.pad': [ '4.5.1' ],
14 silly audit   'lodash.padend': [ '4.6.1' ],
14 silly audit   'lodash.padstart': [ '4.6.1' ],
14 silly audit   'lodash.pick': [ '4.4.0' ],
14 silly audit   'lodash.reduce': [ '4.6.0' ],
14 silly audit   'lodash.reject': [ '4.6.0' ],
14 silly audit   'lodash.some': [ '4.6.0' ],
14 silly audit   'lodash.truncate': [ '4.4.2' ],
14 silly audit   'log-symbols': [ '3.0.0' ],
14 silly audit   'lru-cache': [ '6.0.0' ],
14 silly audit   'lru-queue': [ '0.1.0' ],
14 silly audit   m3u8stream: [ '0.8.6' ],
14 silly audit   md5: [ '2.3.0' ],
14 silly audit   'media-typer': [ '0.3.0' ],
14 silly audit   memoizee: [ '0.4.15' ],
14 silly audit   'merge-descriptors': [ '1.0.1' ],
14 silly audit   methods: [ '1.1.2' ],
14 silly audit   mime: [ '1.6.0' ],
14 silly audit   'mime-db': [ '1.52.0' ],
14 silly audit   'mime-types': [ '2.1.35' ],
14 silly audit   'min-document': [ '2.19.0' ],
14 silly audit   miniget: [ '4.2.3' ],
14 silly audit   minimatch: [ '3.1.2', '3.0.4', '3.0.8' ],
14 silly audit   minimist: [ '1.2.8' ],
14 silly audit   mocha: [ '7.2.0' ],
14 silly audit   'strip-json-comments': [ '2.0.1', '3.1.1' ],
14 silly audit   which: [ '1.3.1', '2.0.2' ],
14 silly audit   moment: [ '2.30.1' ],
14 silly audit   'moment-timezone': [ '0.5.45' ],
14 silly audit   mqtt: [ '3.0.0' ],
14 silly audit   'mqtt-packet': [ '6.10.0' ],
14 silly audit   multimatch: [ '5.0.0' ],
14 silly audit   'natural-compare': [ '1.4.0' ],
14 silly audit   negotiator: [ '0.6.3' ],
14 silly audit   'next-tick': [ '1.1.0' ],
14 silly audit   'node-cron': [ '3.0.3' ],
14 silly audit   uuid: [ '8.3.2', '3.4.0', '9.0.1' ],
14 silly audit   'node-environment-flags': [ '1.0.6' ],
14 silly audit   semver: [ '5.7.2', '7.6.0' ],
14 silly audit   'node-fetch': [ '2.7.0' ],
14 silly audit   'node-fzf': [ '0.5.3' ],
14 silly audit   'normalize-path': [ '3.0.0' ],
14 silly audit   npmlog: [ '1.2.1' ],
14 silly audit   'oauth-sign': [ '0.9.0' ],
14 silly audit   'object-inspect': [ '1.13.1' ],
14 silly audit   'object-is': [ '1.1.5' ],
14 silly audit   'object-keys': [ '1.1.1' ],
14 silly audit   'object.getownpropertydescriptors': [ '2.1.7' ],
14 silly audit   omggif: [ '1.0.10' ],
14 silly audit   'on-finished': [ '2.4.1' ],
14 silly audit   once: [ '1.4.0' ],
14 silly audit   'opencollective-postinstall': [ '2.0.3' ],
14 silly audit   'ordered-read-streams': [ '1.0.1' ],
14 silly audit   os: [ '0.1.2' ],
14 silly audit   'p-limit': [ '2.3.0', '1.3.0' ],
14 silly audit   'p-locate': [ '3.0.0', '2.0.0' ],
14 silly audit   'p-try': [ '2.2.0', '1.0.0' ],
14 silly audit   pako: [ '1.0.11' ],
14 silly audit   'parent-module': [ '1.0.1' ],
14 silly audit   'parse-bmfont-ascii': [ '1.0.6' ],
14 silly audit   'parse-bmfont-binary': [ '1.0.6' ],
14 silly audit   'parse-bmfont-xml': [ '1.1.6' ],
14 silly audit   xml2js: [ '0.5.0', '0.4.23', '0.6.2' ],
14 silly audit   'parse-headers': [ '2.0.5' ],
14 silly audit   'parse-json': [ '4.0.0' ],
14 silly audit   parse5: [ '7.1.2' ],
14 silly audit   'parse5-htmlparser2-tree-adapter': [ '7.0.0' ],
14 silly audit   parseurl: [ '1.3.3' ],
14 silly audit   'pastebin-api': [ '7.0.0' ],
14 silly audit   'pastebin-js': [ '1.0.6' ],
14 silly audit   'pastebin-ts': [ '1.3.0' ],
14 silly audit   'path-dirname': [ '1.0.2' ],
14 silly audit   'path-exists': [ '3.0.0' ],
14 silly audit   'path-is-absolute': [ '1.0.1' ],
14 silly audit   'path-key': [ '3.1.1' ],
14 silly audit   'path-to-regexp': [ '0.1.7' ],
14 silly audit   'peek-readable': [ '4.1.0' ],
14 silly audit   'performance-now': [ '2.1.0' ],
14 silly audit   'periodic-table': [ '0.0.8' ],
14 silly audit   phin: [ '2.9.3' ],
14 silly audit   picomatch: [ '2.3.1' ],
14 silly audit   pidusage: [ '3.0.2' ],
14 silly audit   pify: [ '3.0.0' ],
14 silly audit   pixelmatch: [ '4.0.2' ],
14 silly audit   pngjs: [ '3.4.0', '6.0.0' ],
14 silly audit   pjson: [ '1.0.9' ],
14 silly audit   'pkg-conf': [ '2.1.0' ],
14 silly audit   prettier: [ '1.19.1' ],
14 silly audit   process: [ '0.11.10' ],
14 silly audit   'process-nextick-args': [ '2.0.1' ],
14 silly audit   'prodia.js': [ '2.1.5' ],
14 silly audit   progress: [ '2.0.3' ],
14 silly audit   'proxy-addr': [ '2.0.7' ],
14 silly audit   'proxy-from-env': [ '1.1.0' ],
14 silly audit   psl: [ '1.9.0' ],
14 silly audit   pump: [ '3.0.0', '2.0.1' ],
14 silly audit   pumpify: [ '1.5.1' ],
14 silly audit   punycode: [ '2.3.1' ],
14 silly audit   q: [ '1.5.1' ],
14 silly audit   querystringify: [ '2.2.0' ],
14 silly audit   'range-parser': [ '1.2.1' ],
14 silly audit   'readable-web-to-node-stream': [ '3.0.2' ],
14 silly audit   readdirp: [ '3.2.0' ],
14 silly audit   readline: [ '1.3.0' ],
14 silly audit   redstar: [ '0.0.2' ],
14 silly audit   'reflect-metadata': [ '0.1.13' ],
14 silly audit   'regenerator-runtime': [ '0.13.11' ],
14 silly audit   'regexp.prototype.flags': [ '1.5.2' ],
14 silly audit   regexpp: [ '3.2.0' ],
14 silly audit   reinterval: [ '1.1.0' ],
14 silly audit   'remove-trailing-separator': [ '1.1.0' ],
14 silly audit   request: [ '2.88.2' ],
14 silly audit   'request-promise-core': [ '1.1.4' ],
14 silly audit   'request-promise-native': [ '1.0.9' ],
14 silly audit   'require-directory': [ '2.1.1' ],
14 silly audit   'require-from-string': [ '2.0.2' ],
14 silly audit   'require-main-filename': [ '2.0.0' ],
14 silly audit   'requires-port': [ '1.0.0' ],
14 silly audit   'resolve-from': [ '4.0.0' ],
14 silly audit   rimraf: [ '3.0.2' ],
14 silly audit   rsnchat: [ '3.0.9' ],
14 silly audit   'safe-array-concat': [ '1.1.0' ],
14 silly audit   'safe-regex-test': [ '1.0.3' ],
14 silly audit   'safer-buffer': [ '2.1.2' ],
14 silly audit   sax: [ '1.3.0' ],
14 silly audit   send: [ '0.18.0' ],
14 silly audit   'serve-static': [ '1.15.0' ],
14 silly audit   'set-blocking': [ '2.0.0' ],
14 silly audit   'set-function-length': [ '1.2.1' ],
14 silly audit   'set-function-name': [ '2.0.1' ],
14 silly audit   setprototypeof: [ '1.2.0' ],
14 silly audit   'shebang-command': [ '2.0.0' ],
14 silly audit   'shebang-regex': [ '3.0.0' ],
14 silly audit   'side-channel': [ '1.0.6' ],
14 silly audit   signale: [ '1.4.0' ],
14 silly audit   'simple-youtube-api': [ '5.2.1' ],
14 silly audit   'slice-ansi': [ '4.0.0' ],
14 silly audit   'source-map': [ '0.6.1' ],
14 silly audit   'source-map-support': [ '0.5.21' ],
14 silly audit   split2: [ '3.2.2' ],
14 silly audit   'sprintf-js': [ '1.0.3' ],
14 silly audit   sshpk: [ '1.18.0' ],
14 silly audit   statuses: [ '2.0.1' ],
14 silly audit   'stealthy-require': [ '1.1.1' ],
14 silly audit   'stream-shift': [ '1.0.3' ],
14 silly audit   'string-template': [ '1.0.0' ],
14 silly audit   'string.prototype.trim': [ '1.2.8' ],
14 silly audit   'string.prototype.trimend': [ '1.0.7' ],
14 silly audit   'string.prototype.trimstart': [ '1.0.7' ],
14 silly audit   stringz: [ '2.1.0' ],
14 silly audit   'strip-bom': [ '3.0.0' ],
14 silly audit   strnum: [ '1.0.5' ],
14 silly audit   strtok3: [ '6.3.0' ],
14 silly audit   table: [ '6.8.1' ],
14 silly audit   'text-table': [ '0.2.0' ],
14 silly audit   through2: [ '2.0.5' ],
14 silly audit   'through2-filter': [ '3.0.0' ],
14 silly audit   'timers-ext': [ '0.1.7' ],
14 silly audit   timm: [ '1.7.1' ],
14 silly audit   tinycolor2: [ '1.6.0' ],
14 silly audit   'to-absolute-glob': [ '2.0.2' ],
14 silly audit   'to-regex-range': [ '5.0.1' ],
14 silly audit   toidentifier: [ '1.0.1' ],
14 silly audit   'token-types': [ '4.2.1' ],
14 silly audit   tr46: [ '0.0.3' ],
14 silly audit   tslib: [ '2.5.0' ],
14 silly audit   ttys: [ '0.0.3' ],
14 silly audit   'tunnel-agent': [ '0.6.0' ],
14 silly audit   tweetnacl: [ '0.14.5' ],
14 silly audit   'type-fest': [ '0.20.2' ],
14 silly audit   'type-is': [ '1.6.18' ],
14 silly audit   'typed-array-buffer': [ '1.0.1' ],
14 silly audit   'typed-array-byte-length': [ '1.0.0' ],
14 silly audit   'typed-array-byte-offset': [ '1.0.0' ],
14 silly audit   'typed-array-length': [ '1.0.4' ],
14 silly audit   typedarray: [ '0.0.6' ],
14 silly audit   ultron: [ '1.1.1' ],
14 silly audit   'unbox-primitive': [ '1.0.2' ],
14 silly audit   'unc-path-regex': [ '0.1.2' ],
14 silly audit   underscore: [ '1.13.6' ],
14 silly audit   undici: [ '5.28.3' ],
14 silly audit   'undici-types': [ '5.26.5' ],
14 silly audit   'unique-stream': [ '2.3.1' ],
14 silly audit   unpipe: [ '1.0.0' ],
14 silly audit   'uri-js': [ '4.4.1' ],
14 silly audit   'url-parse': [ '1.5.10' ],
14 silly audit   'url-template': [ '2.0.8' ],
14 silly audit   utif2: [ '4.1.0' ],
14 silly audit   util: [ '0.12.5' ],
14 silly audit   'util-deprecate': [ '1.0.2' ],
14 silly audit   'utils-merge': [ '1.0.1' ],
14 silly audit   'v8-compile-cache': [ '2.4.0' ],
14 silly audit   validator: [ '13.11.0' ],
14 silly audit   vary: [ '1.1.2' ],
14 silly audit   verror: [ '1.10.0' ],
14 silly audit   'webidl-conversions': [ '3.0.1' ],
14 silly audit   'websocket-stream': [ '5.5.2' ],
14 silly audit   'whatwg-fetch': [ '3.6.20' ],
14 silly audit   'whatwg-url': [ '5.0.0' ],
14 silly audit   when: [ '3.7.8' ],
14 silly audit   'which-boxed-primitive': [ '1.0.2' ],
14 silly audit   'which-module': [ '2.0.1' ],
14 silly audit   'which-typed-array': [ '1.1.14' ],
14 silly audit   'wide-align': [ '1.1.3' ],
14 silly audit   'word-wrap': [ '1.2.5' ],
14 silly audit   'wrap-ansi': [ '5.1.0' ],
14 silly audit   wrappy: [ '1.0.2' ],
14 silly audit   ws: [ '3.3.3' ],
14 silly audit   xhr: [ '2.6.0' ],
14 silly audit   'xml-parse-from-string': [ '1.0.1' ],
14 silly audit   xmlbuilder: [ '11.0.1' ],
14 silly audit   xtend: [ '4.0.2' ],
14 silly audit   y18n: [ '4.0.3' ],
14 silly audit   yallist: [ '4.0.0' ],
14 silly audit   yargs: [ '13.3.2' ],
14 silly audit   'yargs-parser': [ '13.1.2' ],
14 silly audit   'yargs-unparser': [ '1.6.0' ],
14 silly audit   'yt-search': [ '2.10.4' ],
14 silly audit   'ytdl-core': [ '4.11.5' ]
14 silly audit }
15 verbose reify failed optional dependency /home/container/node_modules/fsevents
16 silly reify mark deleted [ '/home/container/node_modules/fsevents' ]
17 http fetch POST 200 https://registry.npmjs.org/-/npm/v1/security/advisories/bulk 658ms
18 silly audit report {
18 silly audit report   debug: [
18 silly audit report     {
18 silly audit report       id: 1096793,
18 silly audit report       url: 'https://github.com/advisories/GHSA-gxpj-cx7g-858c',
18 silly audit report       title: 'Regular Expression Denial of Service in debug',
18 silly audit report       severity: 'low',
18 silly audit report       vulnerable_versions: '>=3.2.0 <3.2.7',
18 silly audit report       cwe: [Array],
18 silly audit report       cvss: [Object]
18 silly audit report     }
18 silly audit report   ],
18 silly audit report   'tough-cookie': [
18 silly audit report     {
18 silly audit report       id: 1096643,
18 silly audit report       url: 'https://github.com/advisories/GHSA-72xf-g2v4-qvf3',
18 silly audit report       title: 'tough-cookie Prototype Pollution vulnerability',
18 silly audit report       severity: 'moderate',
18 silly audit report       vulnerable_versions: '<4.1.3',
18 silly audit report       cwe: [Array],
18 silly audit report       cvss: [Object]
18 silly audit report     }
18 silly audit report   ],
18 silly audit report   axios: [
18 silly audit report     {
18 silly audit report       id: 1096525,
18 silly audit report       url: 'https://github.com/advisories/GHSA-wf5p-g6vw-rhxx',
18 silly audit report       title: 'Axios Cross-Site Request Forgery Vulnerability',
18 silly audit report       severity: 'moderate',
18 silly audit report       vulnerable_versions: '>=0.8.1 <0.28.0',
18 silly audit report       cwe: [Array],
18 silly audit report       cvss: [Object]
18 silly audit report     }
18 silly audit report   ],
18 silly audit report   'nth-check': [
18 silly audit report     {
18 silly audit report       id: 1095141,
18 silly audit report       url: 'https://github.com/advisories/GHSA-rp65-9cf3-cjxr',
18 silly audit report       title: 'Inefficient Regular Expression Complexity in nth-check',
18 silly audit report       severity: 'high',
18 silly audit report       vulnerable_versions: '<2.0.1',
18 silly audit report       cwe: [Array],
18 silly audit report       cvss: [Object]
18 silly audit report     }
18 silly audit report   ],
18 silly audit report   'es5-ext': [
18 silly audit report     {
18 silly audit report       id: 1096592,
18 silly audit report       url: 'https://github.com/advisories/GHSA-4gmj-3p3h-gm8h',
18 silly audit report       title: 'es5-ext vulnerable to Regular Expression Denial of Service in `function#copy` and `function#toStringTokens`',
18 silly audit report       severity: 'low',
18 silly audit report       vulnerable_versions: '>=0.10.0 <0.10.63',
18 silly audit report       cwe: [Array],
18 silly audit report       cvss: [Object]
18 silly audit report     }
18 silly audit report   ],
18 silly audit report   express: [
18 silly audit report     {
18 silly audit report       id: 1096820,
18 silly audit report       url: 'https://github.com/advisories/GHSA-rv95-896h-c2vc',
18 silly audit report       title: 'Express.js Open Redirect in malformed URLs',
18 silly audit report       severity: 'moderate',
18 silly audit report       vulnerable_versions: '<4.19.2',
18 silly audit report       cwe: [Array],
18 silly audit report       cvss: [Object]
18 silly audit report     }
18 silly audit report   ],
18 silly audit report   flat: [
18 silly audit report     {
18 silly audit report       id: 1089152,
18 silly audit report       url: 'https://github.com/advisories/GHSA-2j2x-2gpw-g8fm',
18 silly audit report       title: 'flat vulnerable to Prototype Pollution',
18 silly audit report       severity: 'critical',
18 silly audit report       vulnerable_versions: '<5.0.1',
18 silly audit report       cwe: [Array],
18 silly audit report       cvss: [Object]
18 silly audit report     }
18 silly audit report   ],
18 silly audit report   'follow-redirects': [
18 silly audit report     {
18 silly audit report       id: 1096856,
18 silly audit report       url: 'https://github.com/advisories/GHSA-cxjh-pqwp-8mfp',
18 silly audit report       title: "follow-redirects' Proxy-Authorization header kept across hosts",
18 silly audit report       severity: 'moderate',
18 silly audit report       vulnerable_versions: '<=1.15.5',
18 silly audit report       cwe: [Array],
18 silly audit report       cvss: [Object]
18 silly audit report     }
18 silly audit report   ],
18 silly audit report   'glob-parent': [
18 silly audit report     {
18 silly audit report       id: 1095007,
18 silly audit report       url: 'https://github.com/advisories/GHSA-ww39-953v-wcq6',
18 silly audit report       title: 'glob-parent vulnerable to Regular Expression Denial of Service in enclosure regex',
18 silly audit report       severity: 'high',
18 silly audit report       vulnerable_versions: '<5.1.2',
18 silly audit report       cwe: [Array],
18 silly audit report       cvss: [Object]
18 silly audit report     }
18 silly audit report   ],
18 silly audit report   'lodash.pick': [
18 silly audit report     {
18 silly audit report       id: 1096303,
18 silly audit report       url: 'https://github.com/advisories/GHSA-p6mc-m468-83gw',
18 silly audit report       title: 'Prototype Pollution in lodash',
18 silly audit report       severity: 'high',
18 silly audit report       vulnerable_versions: '>=4.0.0 <=4.4.0',
18 silly audit report       cwe: [Array],
18 silly audit report       cvss: [Object]
18 silly audit report     }
18 silly audit report   ],
18 silly audit report   minimatch: [
18 silly audit report     {
18 silly audit report       id: 1096485,
18 silly audit report       url: 'https://github.com/advisories/GHSA-f8q6-p94x-37v3',
18 silly audit report       title: 'minimatch ReDoS vulnerability',
18 silly audit report       severity: 'high',
18 silly audit report       vulnerable_versions: '<3.0.5',
18 silly audit report       cwe: [Array],
18 silly audit report       cvss: [Object]
18 silly audit report     }
18 silly audit report   ],
18 silly audit report   xml2js: [
18 silly audit report     {
18 silly audit report       id: 1096693,
18 silly audit report       url: 'https://github.com/advisories/GHSA-776f-qx25-q3cc',
18 silly audit report       title: 'xml2js is vulnerable to prototype pollution',
18 silly audit report       severity: 'moderate',
18 silly audit report       vulnerable_versions: '<0.5.0',
18 silly audit report       cwe: [Array],
18 silly audit report       cvss: [Object]
18 silly audit report     }
18 silly audit report   ],
18 silly audit report   phin: [
18 silly audit report     {
18 silly audit report       id: 1096967,
18 silly audit report       url: 'https://github.com/advisories/GHSA-x565-32qp-m3vf',
18 silly audit report       title: 'phin may include sensitive headers in subsequent requests after redirect',
18 silly audit report       severity: 'moderate',
18 silly audit report       vulnerable_versions: '<3.7.1',
18 silly audit report       cwe: [Array],
18 silly audit report       cvss: [Object]
18 silly audit report     }
18 silly audit report   ],
18 silly audit report   request: [
18 silly audit report     {
18 silly audit report       id: 1096727,
18 silly audit report       url: 'https://github.com/advisories/GHSA-p8p7-x288-28g6',
18 silly audit report       title: 'Server-Side Request Forgery in Request',
18 silly audit report       severity: 'moderate',
18 silly audit report       vulnerable_versions: '<=2.88.2',
18 silly audit report       cwe: [Array],
18 silly audit report       cvss: [Object]
18 silly audit report     }
18 silly audit report   ],
18 silly audit report   undici: [
18 silly audit report     {
18 silly audit report       id: 1097109,
18 silly audit report       url: 'https://github.com/advisories/GHSA-m4v8-wqvr-p9f7',
18 silly audit report       title: "Undici's Proxy-Authorization header not cleared on cross-origin redirect for dispatch, request, stream, pipeline",
18 silly audit report       severity: 'low',
18 silly audit report       vulnerable_versions: '<5.28.4',
18 silly audit report       cwe: [Array],
18 silly audit report       cvss: [Object]
18 silly audit report     },
18 silly audit report     {
18 silly audit report       id: 1097200,
18 silly audit report       url: 'https://github.com/advisories/GHSA-9qxr-qj54-h672',
18 silly audit report       title: "Undici's fetch with integrity option is too lax when algorithm is specified but hash value is in incorrect",
18 silly audit report       severity: 'low',
18 silly audit report       vulnerable_versions: '<5.28.4',
18 silly audit report       cwe: [Array],
18 silly audit report       cvss: [Object]
18 silly audit report     }
18 silly audit report   ]
18 silly audit report }
19 http fetch GET 200 https://registry.npmjs.org/debug 194ms (cache revalidated)
20 http fetch GET 200 https://registry.npmjs.org/flat 197ms (cache revalidated)
21 http fetch GET 200 https://registry.npmjs.org/lodash.pick 198ms (cache revalidated)
22 http fetch GET 200 https://registry.npmjs.org/axios 202ms (cache revalidated)
23 http fetch GET 200 https://registry.npmjs.org/es5-ext 203ms (cache revalidated)
24 http fetch GET 200 https://registry.npmjs.org/glob-parent 211ms (cache revalidated)
25 http fetch GET 200 https://registry.npmjs.org/minimatch 212ms (cache revalidated)
26 http fetch GET 200 https://registry.npmjs.org/request 212ms (cache revalidated)
27 http fetch GET 200 https://registry.npmjs.org/express 218ms (cache revalidated)
28 http fetch GET 200 https://registry.npmjs.org/follow-redirects 222ms (cache revalidated)
29 http fetch GET 200 https://registry.npmjs.org/xml2js 224ms (cache revalidated)
30 http fetch GET 200 https://registry.npmjs.org/tough-cookie 240ms (cache revalidated)
31 http fetch GET 200 https://registry.npmjs.org/nth-check 241ms (cache revalidated)
32 http fetch GET 200 https://registry.npmjs.org/phin 252ms (cache revalidated)
33 http fetch GET 200 https://registry.npmjs.org/undici 253ms (cache revalidated)
34 http fetch GET 200 https://registry.npmjs.org/mocha 39ms (cache revalidated)
35 http fetch GET 200 https://registry.npmjs.org/request-promise-native 30ms (cache revalidated)
36 http fetch GET 200 https://registry.npmjs.org/@xaviabot%2ffb-downloader 1305ms (cache revalidated)
37 http fetch GET 200 https://registry.npmjs.org/css-select 33ms (cache revalidated)
38 http fetch GET 200 https://registry.npmjs.org/cli-color 36ms (cache revalidated)
39 http fetch GET 200 https://registry.npmjs.org/es6-map 38ms (cache revalidated)
40 http fetch GET 200 https://registry.npmjs.org/d 56ms (cache revalidated)
41 http fetch GET 200 https://registry.npmjs.org/es6-weak-map 67ms (cache revalidated)
42 http fetch GET 200 https://registry.npmjs.org/es6-set 68ms (cache revalidated)
43 http fetch GET 200 https://registry.npmjs.org/timers-ext 73ms (cache revalidated)
44 http fetch GET 200 https://registry.npmjs.org/es6-iterator 76ms (cache revalidated)
45 http fetch GET 200 https://registry.npmjs.org/memoizee 80ms (cache revalidated)
46 http fetch GET 200 https://registry.npmjs.org/event-emitter 81ms (cache revalidated)
47 http fetch GET 200 https://registry.npmjs.org/lru-queue 82ms (cache revalidated)
48 http fetch GET 200 https://registry.npmjs.org/yargs-unparser 44ms (cache revalidated)
49 http fetch GET 200 https://registry.npmjs.org/glob-stream 36ms (cache revalidated)
50 http fetch GET 200 https://registry.npmjs.org/cheerio 40ms (cache revalidated)
51 http fetch GET 200 https://registry.npmjs.org/pastebin-js 64ms (cache revalidated)
52 http fetch GET 200 https://registry.npmjs.org/pastebin-ts 692ms (cache revalidated)
53 http fetch GET 200 https://registry.npmjs.org/load-bmfont 31ms (cache revalidated)
54 http fetch GET 200 https://registry.npmjs.org/request-promise-core 32ms (cache revalidated)
55 http fetch GET 200 https://registry.npmjs.org/prodia.js 40ms (cache revalidated)
56 http fetch GET 200 https://registry.npmjs.org/http-cookie-agent 32ms (cache revalidated)
57 http fetch GET 200 https://registry.npmjs.org/pastebin-api 35ms (cache revalidated)
58 http fetch GET 200 https://registry.npmjs.org/@distube%2fytdl-core 86ms (cache revalidated)
59 http fetch GET 200 https://registry.npmjs.org/help-me 33ms (cache revalidated)
60 http fetch GET 200 https://registry.npmjs.org/@jimp%2fplugin-print 71ms (cache revalidated)
61 http fetch GET 200 https://registry.npmjs.org/mqtt 69ms (cache revalidated)
62 http fetch GET 200 https://registry.npmjs.org/@jimp%2fplugins 68ms (cache revalidated)
63 http fetch GET 200 https://registry.npmjs.org/jimp 34ms (cache revalidated)
64 http fetch GET 200 https://registry.npmjs.org/betabotz-tools 546ms (cache revalidated)
65 silly ADD
66 verbose exit 0
67 info ok
